ERROR - 2022-11-06 05:57:13 --> Error connecting to the database: mysqli_sql_exception: Access denied for user ''@'localhost' (using password: NO) in C:\Users\guru\Downloads\codeigniter4-framework-v4.2.9-0-g34373df\codeigniter4-framework-34373df\system\Database\MySQLi\Connection.php:171
Stack trace:
#0 C:\Users\guru\Downloads\codeigniter4-framework-v4.2.9-0-g34373df\codeigniter4-framework-34373df\system\Database\MySQLi\Connection.php(171): mysqli->real_connect('localhost', '', '', '', 3306, '', 0)
#1 C:\Users\guru\Downloads\codeigniter4-framework-v4.2.9-0-g34373df\codeigniter4-framework-34373df\system\Database\BaseConnection.php(382): CodeIgniter\Database\MySQLi\Connection->connect(false)
#2 C:\Users\guru\Downloads\codeigniter4-framework-v4.2.9-0-g34373df\codeigniter4-framework-34373df\system\Database\BaseConnection.php(561): CodeIgniter\Database\BaseConnection->initialize()
#3 C:\Users\guru\Downloads\codeigniter4-framework-v4.2.9-0-g34373df\codeigniter4-framework-34373df\system\Database\BaseBuilder.php(1585): CodeIgniter\Database\BaseConnection->query('SELECT 1\nFROM `...', Array, false)
#4 C:\Users\guru\Downloads\codeigniter4-framework-v4.2.9-0-g34373df\codeigniter4-framework-34373df\system\Validation\Rules.php(142): CodeIgniter\Database\BaseBuilder->get()
#5 C:\Users\guru\Downloads\codeigniter4-framework-v4.2.9-0-g34373df\codeigniter4-framework-34373df\system\Validation\Validation.php(315): CodeIgniter\Validation\Rules->is_unique('vneetkaur1212@g...', 'email', Array, NULL, 'email')
#6 C:\Users\guru\Downloads\codeigniter4-framework-v4.2.9-0-g34373df\codeigniter4-framework-34373df\system\Validation\Validation.php(175): CodeIgniter\Validation\Validation->processRules('email', 'email', 'vneetkaur1212@g...', Array, Array)
#7 C:\Users\guru\Downloads\codeigniter4-framework-v4.2.9-0-g34373df\codeigniter4-framework-34373df\system\Controller.php(140): CodeIgniter\Validation\Validation->run()
#8 C:\Users\guru\Downloads\codeigniter4-framework-v4.2.9-0-g34373df\codeigniter4-framework-34373df\app\Controllers\SignupController.php(25): CodeIgniter\Controller->validate(Array)
#9 C:\Users\guru\Downloads\codeigniter4-framework-v4.2.9-0-g34373df\codeigniter4-framework-34373df\system\CodeIgniter.php(927): App\Controllers\SignupController->store()
#10 C:\Users\guru\Downloads\codeigniter4-framework-v4.2.9-0-g34373df\codeigniter4-framework-34373df\system\CodeIgniter.php(482): CodeIgniter\CodeIgniter->runController(Object(App\Controllers\SignupController))
#11 C:\Users\guru\Downloads\codeigniter4-framework-v4.2.9-0-g34373df\codeigniter4-framework-34373df\system\CodeIgniter.php(351): CodeIgniter\CodeIgniter->handleRequest(NULL, Object(Config\Cache), false)
#12 C:\Users\guru\Downloads\codeigniter4-framework-v4.2.9-0-g34373df\codeigniter4-framework-34373df\public\index.php(67): CodeIgniter\CodeIgniter->run()
#13 C:\Users\guru\Downloads\codeigniter4-framework-v4.2.9-0-g34373df\codeigniter4-framework-34373df\system\Commands\Server\rewrite.php(46): require_once('C:\\Users\\guru\\D...')
#14 {main}

Next CodeIgniter\Database\Exceptions\DatabaseException: Access denied for user ''@'localhost' (using password: NO) in C:\Users\guru\Downloads\codeigniter4-framework-v4.2.9-0-g34373df\codeigniter4-framework-34373df\system\Database\MySQLi\Connection.php:215
Stack trace:
#0 C:\Users\guru\Downloads\codeigniter4-framework-v4.2.9-0-g34373df\codeigniter4-framework-34373df\system\Database\BaseConnection.php(382): CodeIgniter\Database\MySQLi\Connection->connect(false)
#1 C:\Users\guru\Downloads\codeigniter4-framework-v4.2.9-0-g34373df\codeigniter4-framework-34373df\system\Database\BaseConnection.php(561): CodeIgniter\Database\BaseConnection->initialize()
#2 C:\Users\guru\Downloads\codeigniter4-framework-v4.2.9-0-g34373df\codeigniter4-framework-34373df\system\Database\BaseBuilder.php(1585): CodeIgniter\Database\BaseConnection->query('SELECT 1\nFROM `...', Array, false)
#3 C:\Users\guru\Downloads\codeigniter4-framework-v4.2.9-0-g34373df\codeigniter4-framework-34373df\system\Validation\Rules.php(142): CodeIgniter\Database\BaseBuilder->get()
#4 C:\Users\guru\Downloads\codeigniter4-framework-v4.2.9-0-g34373df\codeigniter4-framework-34373df\system\Validation\Validation.php(315): CodeIgniter\Validation\Rules->is_unique('vneetkaur1212@g...', 'email', Array, NULL, 'email')
#5 C:\Users\guru\Downloads\codeigniter4-framework-v4.2.9-0-g34373df\codeigniter4-framework-34373df\system\Validation\Validation.php(175): CodeIgniter\Validation\Validation->processRules('email', 'email', 'vneetkaur1212@g...', Array, Array)
#6 C:\Users\guru\Downloads\codeigniter4-framework-v4.2.9-0-g34373df\codeigniter4-framework-34373df\system\Controller.php(140): CodeIgniter\Validation\Validation->run()
#7 C:\Users\guru\Downloads\codeigniter4-framework-v4.2.9-0-g34373df\codeigniter4-framework-34373df\app\Controllers\SignupController.php(25): CodeIgniter\Controller->validate(Array)
#8 C:\Users\guru\Downloads\codeigniter4-framework-v4.2.9-0-g34373df\codeigniter4-framework-34373df\system\CodeIgniter.php(927): App\Controllers\SignupController->store()
#9 C:\Users\guru\Downloads\codeigniter4-framework-v4.2.9-0-g34373df\codeigniter4-framework-34373df\system\CodeIgniter.php(482): CodeIgniter\CodeIgniter->runController(Object(App\Controllers\SignupController))
#10 C:\Users\guru\Downloads\codeigniter4-framework-v4.2.9-0-g34373df\codeigniter4-framework-34373df\system\CodeIgniter.php(351): CodeIgniter\CodeIgniter->handleRequest(NULL, Object(Config\Cache), false)
#11 C:\Users\guru\Downloads\codeigniter4-framework-v4.2.9-0-g34373df\codeigniter4-framework-34373df\public\index.php(67): CodeIgniter\CodeIgniter->run()
#12 C:\Users\guru\Downloads\codeigniter4-framework-v4.2.9-0-g34373df\codeigniter4-framework-34373df\system\Commands\Server\rewrite.php(46): require_once('C:\\Users\\guru\\D...')
#13 {main}
CRITICAL - 2022-11-06 05:57:13 --> Unable to connect to the database.
Main connection [MySQLi]: Access denied for user ''@'localhost' (using password: NO)
in SYSTEMPATH\Database\BaseConnection.php on line 418.
 1 SYSTEMPATH\Database\BaseConnection.php(561): CodeIgniter\Database\BaseConnection->initialize()
 2 SYSTEMPATH\Database\BaseBuilder.php(1585): CodeIgniter\Database\BaseConnection->query('SELECT 1
FROM `users`
WHERE `email` = :email:
 LIMIT 1', [...], false)
 3 SYSTEMPATH\Validation\Rules.php(142): CodeIgniter\Database\BaseBuilder->get()
 4 SYSTEMPATH\Validation\Validation.php(315): CodeIgniter\Validation\Rules->is_unique('vneetkaur1212@gmail.com', 'email', [...], null, 'email')
 5 SYSTEMPATH\Validation\Validation.php(175): CodeIgniter\Validation\Validation->processRules('email', 'email', 'vneetkaur1212@gmail.com', [...], [...])
 6 SYSTEMPATH\Controller.php(140): CodeIgniter\Validation\Validation->run()
 7 APPPATH\Controllers\SignupController.php(25): CodeIgniter\Controller->validate([...])
 8 SYSTEMPATH\CodeIgniter.php(927): App\Controllers\SignupController->store()
 9 SYSTEMPATH\CodeIgniter.php(482): CodeIgniter\CodeIgniter->runController(Object(App\Controllers\SignupController))
10 SYSTEMPATH\CodeIgniter.php(351): CodeIgniter\CodeIgniter->handleRequest(null, Object(Config\Cache), false)
11 FCPATH\index.php(67): CodeIgniter\CodeIgniter->run()
12 SYSTEMPATH\Commands\Server\rewrite.php(46): require_once('FCPATH\\index.php')
ERROR - 2022-11-06 05:59:01 --> Error connecting to the database: mysqli_sql_exception: Access denied for user ''@'localhost' (using password: NO) in C:\Users\guru\Downloads\codeigniter4-framework-v4.2.9-0-g34373df\codeigniter4-framework-34373df\system\Database\MySQLi\Connection.php:171
Stack trace:
#0 C:\Users\guru\Downloads\codeigniter4-framework-v4.2.9-0-g34373df\codeigniter4-framework-34373df\system\Database\MySQLi\Connection.php(171): mysqli->real_connect('localhost', '', '', '', 3306, '', 0)
#1 C:\Users\guru\Downloads\codeigniter4-framework-v4.2.9-0-g34373df\codeigniter4-framework-34373df\system\Database\BaseConnection.php(382): CodeIgniter\Database\MySQLi\Connection->connect(false)
#2 C:\Users\guru\Downloads\codeigniter4-framework-v4.2.9-0-g34373df\codeigniter4-framework-34373df\system\Database\BaseConnection.php(561): CodeIgniter\Database\BaseConnection->initialize()
#3 C:\Users\guru\Downloads\codeigniter4-framework-v4.2.9-0-g34373df\codeigniter4-framework-34373df\system\Database\BaseBuilder.php(1585): CodeIgniter\Database\BaseConnection->query('SELECT 1\nFROM `...', Array, false)
#4 C:\Users\guru\Downloads\codeigniter4-framework-v4.2.9-0-g34373df\codeigniter4-framework-34373df\system\Validation\Rules.php(142): CodeIgniter\Database\BaseBuilder->get()
#5 C:\Users\guru\Downloads\codeigniter4-framework-v4.2.9-0-g34373df\codeigniter4-framework-34373df\system\Validation\Validation.php(315): CodeIgniter\Validation\Rules->is_unique('vneetkaur1212@g...', 'email', Array, NULL, 'email')
#6 C:\Users\guru\Downloads\codeigniter4-framework-v4.2.9-0-g34373df\codeigniter4-framework-34373df\system\Validation\Validation.php(175): CodeIgniter\Validation\Validation->processRules('email', 'email', 'vneetkaur1212@g...', Array, Array)
#7 C:\Users\guru\Downloads\codeigniter4-framework-v4.2.9-0-g34373df\codeigniter4-framework-34373df\system\Controller.php(140): CodeIgniter\Validation\Validation->run()
#8 C:\Users\guru\Downloads\codeigniter4-framework-v4.2.9-0-g34373df\codeigniter4-framework-34373df\app\Controllers\SignupController.php(25): CodeIgniter\Controller->validate(Array)
#9 C:\Users\guru\Downloads\codeigniter4-framework-v4.2.9-0-g34373df\codeigniter4-framework-34373df\system\CodeIgniter.php(927): App\Controllers\SignupController->store()
#10 C:\Users\guru\Downloads\codeigniter4-framework-v4.2.9-0-g34373df\codeigniter4-framework-34373df\system\CodeIgniter.php(482): CodeIgniter\CodeIgniter->runController(Object(App\Controllers\SignupController))
#11 C:\Users\guru\Downloads\codeigniter4-framework-v4.2.9-0-g34373df\codeigniter4-framework-34373df\system\CodeIgniter.php(351): CodeIgniter\CodeIgniter->handleRequest(NULL, Object(Config\Cache), false)
#12 C:\Users\guru\Downloads\codeigniter4-framework-v4.2.9-0-g34373df\codeigniter4-framework-34373df\public\index.php(67): CodeIgniter\CodeIgniter->run()
#13 C:\Users\guru\Downloads\codeigniter4-framework-v4.2.9-0-g34373df\codeigniter4-framework-34373df\system\Commands\Server\rewrite.php(46): require_once('C:\\Users\\guru\\D...')
#14 {main}

Next CodeIgniter\Database\Exceptions\DatabaseException: Access denied for user ''@'localhost' (using password: NO) in C:\Users\guru\Downloads\codeigniter4-framework-v4.2.9-0-g34373df\codeigniter4-framework-34373df\system\Database\MySQLi\Connection.php:215
Stack trace:
#0 C:\Users\guru\Downloads\codeigniter4-framework-v4.2.9-0-g34373df\codeigniter4-framework-34373df\system\Database\BaseConnection.php(382): CodeIgniter\Database\MySQLi\Connection->connect(false)
#1 C:\Users\guru\Downloads\codeigniter4-framework-v4.2.9-0-g34373df\codeigniter4-framework-34373df\system\Database\BaseConnection.php(561): CodeIgniter\Database\BaseConnection->initialize()
#2 C:\Users\guru\Downloads\codeigniter4-framework-v4.2.9-0-g34373df\codeigniter4-framework-34373df\system\Database\BaseBuilder.php(1585): CodeIgniter\Database\BaseConnection->query('SELECT 1\nFROM `...', Array, false)
#3 C:\Users\guru\Downloads\codeigniter4-framework-v4.2.9-0-g34373df\codeigniter4-framework-34373df\system\Validation\Rules.php(142): CodeIgniter\Database\BaseBuilder->get()
#4 C:\Users\guru\Downloads\codeigniter4-framework-v4.2.9-0-g34373df\codeigniter4-framework-34373df\system\Validation\Validation.php(315): CodeIgniter\Validation\Rules->is_unique('vneetkaur1212@g...', 'email', Array, NULL, 'email')
#5 C:\Users\guru\Downloads\codeigniter4-framework-v4.2.9-0-g34373df\codeigniter4-framework-34373df\system\Validation\Validation.php(175): CodeIgniter\Validation\Validation->processRules('email', 'email', 'vneetkaur1212@g...', Array, Array)
#6 C:\Users\guru\Downloads\codeigniter4-framework-v4.2.9-0-g34373df\codeigniter4-framework-34373df\system\Controller.php(140): CodeIgniter\Validation\Validation->run()
#7 C:\Users\guru\Downloads\codeigniter4-framework-v4.2.9-0-g34373df\codeigniter4-framework-34373df\app\Controllers\SignupController.php(25): CodeIgniter\Controller->validate(Array)
#8 C:\Users\guru\Downloads\codeigniter4-framework-v4.2.9-0-g34373df\codeigniter4-framework-34373df\system\CodeIgniter.php(927): App\Controllers\SignupController->store()
#9 C:\Users\guru\Downloads\codeigniter4-framework-v4.2.9-0-g34373df\codeigniter4-framework-34373df\system\CodeIgniter.php(482): CodeIgniter\CodeIgniter->runController(Object(App\Controllers\SignupController))
#10 C:\Users\guru\Downloads\codeigniter4-framework-v4.2.9-0-g34373df\codeigniter4-framework-34373df\system\CodeIgniter.php(351): CodeIgniter\CodeIgniter->handleRequest(NULL, Object(Config\Cache), false)
#11 C:\Users\guru\Downloads\codeigniter4-framework-v4.2.9-0-g34373df\codeigniter4-framework-34373df\public\index.php(67): CodeIgniter\CodeIgniter->run()
#12 C:\Users\guru\Downloads\codeigniter4-framework-v4.2.9-0-g34373df\codeigniter4-framework-34373df\system\Commands\Server\rewrite.php(46): require_once('C:\\Users\\guru\\D...')
#13 {main}
CRITICAL - 2022-11-06 05:59:01 --> Unable to connect to the database.
Main connection [MySQLi]: Access denied for user ''@'localhost' (using password: NO)
in SYSTEMPATH\Database\BaseConnection.php on line 418.
 1 SYSTEMPATH\Database\BaseConnection.php(561): CodeIgniter\Database\BaseConnection->initialize()
 2 SYSTEMPATH\Database\BaseBuilder.php(1585): CodeIgniter\Database\BaseConnection->query('SELECT 1
FROM `users`
WHERE `email` = :email:
 LIMIT 1', [...], false)
 3 SYSTEMPATH\Validation\Rules.php(142): CodeIgniter\Database\BaseBuilder->get()
 4 SYSTEMPATH\Validation\Validation.php(315): CodeIgniter\Validation\Rules->is_unique('vneetkaur1212@gmail.com', 'email', [...], null, 'email')
 5 SYSTEMPATH\Validation\Validation.php(175): CodeIgniter\Validation\Validation->processRules('email', 'email', 'vneetkaur1212@gmail.com', [...], [...])
 6 SYSTEMPATH\Controller.php(140): CodeIgniter\Validation\Validation->run()
 7 APPPATH\Controllers\SignupController.php(25): CodeIgniter\Controller->validate([...])
 8 SYSTEMPATH\CodeIgniter.php(927): App\Controllers\SignupController->store()
 9 SYSTEMPATH\CodeIgniter.php(482): CodeIgniter\CodeIgniter->runController(Object(App\Controllers\SignupController))
10 SYSTEMPATH\CodeIgniter.php(351): CodeIgniter\CodeIgniter->handleRequest(null, Object(Config\Cache), false)
11 FCPATH\index.php(67): CodeIgniter\CodeIgniter->run()
12 SYSTEMPATH\Commands\Server\rewrite.php(46): require_once('FCPATH\\index.php')
ERROR - 2022-11-06 08:47:59 --> Error connecting to the database: mysqli_sql_exception: Access denied for user ''@'localhost' (using password: NO) in C:\Users\guru\Downloads\codeigniter4-framework-v4.2.9-0-g34373df\codeigniter4-framework-34373df\system\Database\MySQLi\Connection.php:171
Stack trace:
#0 C:\Users\guru\Downloads\codeigniter4-framework-v4.2.9-0-g34373df\codeigniter4-framework-34373df\system\Database\MySQLi\Connection.php(171): mysqli->real_connect('localhost', '', '', '', 3306, '', 0)
#1 C:\Users\guru\Downloads\codeigniter4-framework-v4.2.9-0-g34373df\codeigniter4-framework-34373df\system\Database\BaseConnection.php(382): CodeIgniter\Database\MySQLi\Connection->connect(false)
#2 C:\Users\guru\Downloads\codeigniter4-framework-v4.2.9-0-g34373df\codeigniter4-framework-34373df\system\Database\BaseConnection.php(561): CodeIgniter\Database\BaseConnection->initialize()
#3 C:\Users\guru\Downloads\codeigniter4-framework-v4.2.9-0-g34373df\codeigniter4-framework-34373df\system\Database\BaseBuilder.php(1585): CodeIgniter\Database\BaseConnection->query('SELECT 1\nFROM `...', Array, false)
#4 C:\Users\guru\Downloads\codeigniter4-framework-v4.2.9-0-g34373df\codeigniter4-framework-34373df\system\Validation\Rules.php(142): CodeIgniter\Database\BaseBuilder->get()
#5 C:\Users\guru\Downloads\codeigniter4-framework-v4.2.9-0-g34373df\codeigniter4-framework-34373df\system\Validation\Validation.php(315): CodeIgniter\Validation\Rules->is_unique('vneetkaur1212@g...', 'email', Array, NULL, 'email')
#6 C:\Users\guru\Downloads\codeigniter4-framework-v4.2.9-0-g34373df\codeigniter4-framework-34373df\system\Validation\Validation.php(175): CodeIgniter\Validation\Validation->processRules('email', 'email', 'vneetkaur1212@g...', Array, Array)
#7 C:\Users\guru\Downloads\codeigniter4-framework-v4.2.9-0-g34373df\codeigniter4-framework-34373df\system\Controller.php(140): CodeIgniter\Validation\Validation->run()
#8 C:\Users\guru\Downloads\codeigniter4-framework-v4.2.9-0-g34373df\codeigniter4-framework-34373df\app\Controllers\SignupController.php(25): CodeIgniter\Controller->validate(Array)
#9 C:\Users\guru\Downloads\codeigniter4-framework-v4.2.9-0-g34373df\codeigniter4-framework-34373df\system\CodeIgniter.php(927): App\Controllers\SignupController->store()
#10 C:\Users\guru\Downloads\codeigniter4-framework-v4.2.9-0-g34373df\codeigniter4-framework-34373df\system\CodeIgniter.php(482): CodeIgniter\CodeIgniter->runController(Object(App\Controllers\SignupController))
#11 C:\Users\guru\Downloads\codeigniter4-framework-v4.2.9-0-g34373df\codeigniter4-framework-34373df\system\CodeIgniter.php(351): CodeIgniter\CodeIgniter->handleRequest(NULL, Object(Config\Cache), false)
#12 C:\Users\guru\Downloads\codeigniter4-framework-v4.2.9-0-g34373df\codeigniter4-framework-34373df\public\index.php(67): CodeIgniter\CodeIgniter->run()
#13 C:\Users\guru\Downloads\codeigniter4-framework-v4.2.9-0-g34373df\codeigniter4-framework-34373df\system\Commands\Server\rewrite.php(46): require_once('C:\\Users\\guru\\D...')
#14 {main}

Next CodeIgniter\Database\Exceptions\DatabaseException: Access denied for user ''@'localhost' (using password: NO) in C:\Users\guru\Downloads\codeigniter4-framework-v4.2.9-0-g34373df\codeigniter4-framework-34373df\system\Database\MySQLi\Connection.php:215
Stack trace:
#0 C:\Users\guru\Downloads\codeigniter4-framework-v4.2.9-0-g34373df\codeigniter4-framework-34373df\system\Database\BaseConnection.php(382): CodeIgniter\Database\MySQLi\Connection->connect(false)
#1 C:\Users\guru\Downloads\codeigniter4-framework-v4.2.9-0-g34373df\codeigniter4-framework-34373df\system\Database\BaseConnection.php(561): CodeIgniter\Database\BaseConnection->initialize()
#2 C:\Users\guru\Downloads\codeigniter4-framework-v4.2.9-0-g34373df\codeigniter4-framework-34373df\system\Database\BaseBuilder.php(1585): CodeIgniter\Database\BaseConnection->query('SELECT 1\nFROM `...', Array, false)
#3 C:\Users\guru\Downloads\codeigniter4-framework-v4.2.9-0-g34373df\codeigniter4-framework-34373df\system\Validation\Rules.php(142): CodeIgniter\Database\BaseBuilder->get()
#4 C:\Users\guru\Downloads\codeigniter4-framework-v4.2.9-0-g34373df\codeigniter4-framework-34373df\system\Validation\Validation.php(315): CodeIgniter\Validation\Rules->is_unique('vneetkaur1212@g...', 'email', Array, NULL, 'email')
#5 C:\Users\guru\Downloads\codeigniter4-framework-v4.2.9-0-g34373df\codeigniter4-framework-34373df\system\Validation\Validation.php(175): CodeIgniter\Validation\Validation->processRules('email', 'email', 'vneetkaur1212@g...', Array, Array)
#6 C:\Users\guru\Downloads\codeigniter4-framework-v4.2.9-0-g34373df\codeigniter4-framework-34373df\system\Controller.php(140): CodeIgniter\Validation\Validation->run()
#7 C:\Users\guru\Downloads\codeigniter4-framework-v4.2.9-0-g34373df\codeigniter4-framework-34373df\app\Controllers\SignupController.php(25): CodeIgniter\Controller->validate(Array)
#8 C:\Users\guru\Downloads\codeigniter4-framework-v4.2.9-0-g34373df\codeigniter4-framework-34373df\system\CodeIgniter.php(927): App\Controllers\SignupController->store()
#9 C:\Users\guru\Downloads\codeigniter4-framework-v4.2.9-0-g34373df\codeigniter4-framework-34373df\system\CodeIgniter.php(482): CodeIgniter\CodeIgniter->runController(Object(App\Controllers\SignupController))
#10 C:\Users\guru\Downloads\codeigniter4-framework-v4.2.9-0-g34373df\codeigniter4-framework-34373df\system\CodeIgniter.php(351): CodeIgniter\CodeIgniter->handleRequest(NULL, Object(Config\Cache), false)
#11 C:\Users\guru\Downloads\codeigniter4-framework-v4.2.9-0-g34373df\codeigniter4-framework-34373df\public\index.php(67): CodeIgniter\CodeIgniter->run()
#12 C:\Users\guru\Downloads\codeigniter4-framework-v4.2.9-0-g34373df\codeigniter4-framework-34373df\system\Commands\Server\rewrite.php(46): require_once('C:\\Users\\guru\\D...')
#13 {main}
CRITICAL - 2022-11-06 08:47:59 --> Unable to connect to the database.
Main connection [MySQLi]: Access denied for user ''@'localhost' (using password: NO)
in SYSTEMPATH\Database\BaseConnection.php on line 418.
 1 SYSTEMPATH\Database\BaseConnection.php(561): CodeIgniter\Database\BaseConnection->initialize()
 2 SYSTEMPATH\Database\BaseBuilder.php(1585): CodeIgniter\Database\BaseConnection->query('SELECT 1
FROM `users`
WHERE `email` = :email:
 LIMIT 1', [...], false)
 3 SYSTEMPATH\Validation\Rules.php(142): CodeIgniter\Database\BaseBuilder->get()
 4 SYSTEMPATH\Validation\Validation.php(315): CodeIgniter\Validation\Rules->is_unique('vneetkaur1212@gmail.com', 'email', [...], null, 'email')
 5 SYSTEMPATH\Validation\Validation.php(175): CodeIgniter\Validation\Validation->processRules('email', 'email', 'vneetkaur1212@gmail.com', [...], [...])
 6 SYSTEMPATH\Controller.php(140): CodeIgniter\Validation\Validation->run()
 7 APPPATH\Controllers\SignupController.php(25): CodeIgniter\Controller->validate([...])
 8 SYSTEMPATH\CodeIgniter.php(927): App\Controllers\SignupController->store()
 9 SYSTEMPATH\CodeIgniter.php(482): CodeIgniter\CodeIgniter->runController(Object(App\Controllers\SignupController))
10 SYSTEMPATH\CodeIgniter.php(351): CodeIgniter\CodeIgniter->handleRequest(null, Object(Config\Cache), false)
11 FCPATH\index.php(67): CodeIgniter\CodeIgniter->run()
12 SYSTEMPATH\Commands\Server\rewrite.php(46): require_once('FCPATH\\index.php')
